170100000
63000
126000
63000
63000
126000
15750
15750
3150
630
630
630
630
3150
3150
3150
3150
3150
1050
840
1050
4200
2100
2100
2100
420
420
210
105
105
105
105
21
21
21
105
21
105
21
21
105
21
21
105
21
21
21
21
21
21
105
21
21
21
21
21
21
147
21
21
21
105
21
21
21
21
21
21
21
147
21
315
21
21
21
21
63
21
21
735
7
7
7
21
42
7
7
7
7
7
7
56
7
105
21
7
7
7
14
105
105
7
7
7
7
42
21
21
7
35
7
7
7
105
105
7
7
105
7
21
35
21
105
42
7
7
7
21
105
21
294
7
7
21
7
105
105
21
7
21
21
35
21
21
35
21
14
7
35
7
7
7
7
7
14
35
7
7
7
7
14
7
7
14
7
21
7
105
21
35
14
7
7
35
7
7
7
7
21
21
28
7
7
21
7
7
7
7
7
7
7
7
7
7
7
7
7
7
7
7
7
7
14
35
14
14
7
14
14
7
42
14
7
7
21
7
7
14
7
7
7
7
7
7
7
14
7
7
7
7
7
7
7
7
7
21
7
7
21
7
7
7
7
14
28
7
14
56
35
7
7
21
7
7
7
7
35
7
7
7
7
7
7
7
7
7
7
7
21
7
7
35
7
42
7
7
7
7
7
7
7
7
7
7
7
7
7
7
7
7
7
7
42
7
7
35
7
7
7
7
21
7
7
7
7
7
7
7
7
7
7
7
7
7
7
7
7
70
7
7
7
7
7
7
7
7
7
7
7
7
7
7
7
7
7
7
14
7
7
7
7
14
7
7
14
7
7
7
7
7
7
7
126
7
7
7
7
7
7
7
14
7
7
7
7
7
7
21
7
7
7
7
14
7
7
7
7
7
7
7
7
7
7
7
7
42
7
7
7
7
7
7
7
7
7
7
7
7
7
14
7
7
7
7
7
7
7
7
7
7
7
7
7
7
7
7
7
7
7
7
7
7
7
7
7
7
7
7
7
21
7
7
7
7
7
7
7
7
7
7
7
7
7
7
7
7
7
7
7
7
7
14
7
7
7
7
7
7
7
7
7
7
7
7
7
7
7
7
7
7
7
7
7
7
7
7
21
7
7
7
7
7
7
7
21
7
7
7
7
7
7
7
7
7
7
7
7
7
7
7
7
7
7
7
7
7
7
7
14
